<?xml version="1.0" encoding="UTF-8"?>
<!-- Generated by org.testng.reporters.JUnitReportReporter -->
<testsuite hostname="LAPTOP-K2CLGN36" failures="0" tests="2" name="Academy.HomePage" time="63.263" errors="0" timestamp="2020-09-10T23:40:52 CEST" skipped="0">
  <testcase classname="Academy.HomePage" name="basePageNavigation" time="40.793"/>
  <system-out/>
  <testcase classname="Academy.HomePage" name="basePageNavigation" time="22.470"/>
  <system-out/>
</testsuite> <!-- Academy.HomePage -->
