<?xml version="1.0" encoding="UTF-8"?>
<!-- Generated by org.testng.reporters.JUnitReportReporter -->
<testsuite hostname="LAPTOP-K2CLGN36" failures="0" tests="1" name="Academy.validateTitle" time="8.928" errors="0" timestamp="2020-09-09T22:41:47 CEST" skipped="0">
  <testcase classname="Academy.validateTitle" name="basePageNavigation" time="8.928"/>
  <system-out/>
</testsuite> <!-- Academy.validateTitle -->
