<?xml version="1.0" encoding="UTF-8"?>
<!-- Generated by org.testng.reporters.JUnitReportReporter -->
<testsuite hostname="LAPTOP-K2CLGN36" failures="0" tests="2" name="Academy.HomePage" time="51.323" errors="0" timestamp="2020-09-09T22:41:47 CEST" skipped="0">
  <testcase classname="Academy.HomePage" name="basePageNavigation" time="31.994"/>
  <system-out/>
  <testcase classname="Academy.HomePage" name="basePageNavigation" time="19.329"/>
  <system-out/>
</testsuite> <!-- Academy.HomePage -->
