<?xml version="1.0" encoding="UTF-8"?>
<!-- Generated by org.testng.reporters.JUnitReportReporter -->
<testsuite hostname="LAPTOP-K2CLGN36" failures="0" tests="1" name="Academy.validateTitle" time="9.257" errors="0" timestamp="2020-09-10T23:40:52 CEST" skipped="0">
  <testcase classname="Academy.validateTitle" name="basePageNavigation" time="9.257"/>
  <system-out/>
</testsuite> <!-- Academy.validateTitle -->
